* Starting client
* Connecting to master process on port 10953
* Analyzing classpath: 
  - /home/acmota2/repos/ats2023/ats2023/target/classes
  - /home/acmota2/.jdks/corretto-1.8.0_372/jre/lib/charsets.jar
  - /home/acmota2/.jdks/corretto-1.8.0_372/jre/lib/ext/cldrdata.jar
  - /home/acmota2/.jdks/corretto-1.8.0_372/jre/lib/ext/dnsns.jar
  - /home/acmota2/.jdks/corretto-1.8.0_372/jre/lib/ext/jaccess.jar
  - /home/acmota2/.jdks/corretto-1.8.0_372/jre/lib/ext/jfxrt.jar
  - /home/acmota2/.jdks/corretto-1.8.0_372/jre/lib/ext/localedata.jar
  - /home/acmota2/.jdks/corretto-1.8.0_372/jre/lib/ext/nashorn.jar
  - /home/acmota2/.jdks/corretto-1.8.0_372/jre/lib/ext/sunec.jar
  - /home/acmota2/.jdks/corretto-1.8.0_372/jre/lib/ext/sunjce_provider.jar
  - /home/acmota2/.jdks/corretto-1.8.0_372/jre/lib/ext/sunpkcs11.jar
  - /home/acmota2/.jdks/corretto-1.8.0_372/jre/lib/ext/zipfs.jar
  - /home/acmota2/.jdks/corretto-1.8.0_372/jre/lib/jce.jar
  - /home/acmota2/.jdks/corretto-1.8.0_372/jre/lib/jfr.jar
  - /home/acmota2/.jdks/corretto-1.8.0_372/jre/lib/jfxswt.jar
  - /home/acmota2/.jdks/corretto-1.8.0_372/jre/lib/jsse.jar
  - /home/acmota2/.jdks/corretto-1.8.0_372/jre/lib/management-agent.jar
  - /home/acmota2/.jdks/corretto-1.8.0_372/jre/lib/resources.jar
  - /home/acmota2/.jdks/corretto-1.8.0_372/jre/lib/rt.jar
  - /home/acmota2/repos/ats2023/ats2023/target/test-classes
  - /home/acmota2/repos/ats2023/ats2023/target/classes
  - /home/acmota2/.m2/repository/org/junit/jupiter/junit-jupiter/5.9.3/junit-jupiter-5.9.3.jar
  - /home/acmota2/.m2/repository/org/junit/jupiter/junit-jupiter-api/5.9.3/junit-jupiter-api-5.9.3.jar
  - /home/acmota2/.m2/repository/org/opentest4j/opentest4j/1.2.0/opentest4j-1.2.0.jar
  - /home/acmota2/.m2/repository/org/junit/platform/junit-platform-commons/1.9.3/junit-platform-commons-1.9.3.jar
  - /home/acmota2/.m2/repository/org/apiguardian/apiguardian-api/1.1.2/apiguardian-api-1.1.2.jar
  - /home/acmota2/.m2/repository/org/junit/jupiter/junit-jupiter-params/5.9.3/junit-jupiter-params-5.9.3.jar
  - /home/acmota2/.m2/repository/org/junit/jupiter/junit-jupiter-engine/5.9.3/junit-jupiter-engine-5.9.3.jar
  - /home/acmota2/.m2/repository/org/junit/platform/junit-platform-engine/1.9.3/junit-platform-engine-1.9.3.jar
* Finished analyzing classpath
* Generating tests for class org.example.CasaInteligente.CasaInteligente
* Test criteria:
  - Line Coverage
  - Branch Coverage
  - Exception
  - Mutation testing (weak)
  - Method-Output Coverage
  - Top-Level Method Coverage
  - No-Exception Top-Level Method Coverage
  - Context Branch Coverage
* Setting up search algorithm for whole suite generation
[MASTER] 16:53:47.879 [pool-2-thread-1] WARN  TestSuiteSerialization - Cannot load tests because file does not exist: /home/acmota2/repos/ats2023/ats2023/.evosuite/evosuite-seeds/org.example.CasaInteligente.CasaInteligente.seed
* Loaded 0 tests from /home/acmota2/repos/ats2023/ats2023/.evosuite/evosuite-seeds/org.example.CasaInteligente.CasaInteligente.seed
* Total number of test goals: 
  - Line 90
  - Branch 58
  - Exception 0
  - MutationFactory 122
  - Output 45
  - Method 28
  - MethodNoException 28
  - CBranchFitnessFactory 58
* Using seed 1683215623070
* Starting evolution
* Search finished after 187s and 3138 generations, 862101 statements, best individual has fitness: 13.59090861220952
* Writing sequences to pool
* Minimizing test suite
* Going to analyze the coverage criteria
* Coverage analysis for criterion LINE
* Coverage of criterion LINE: 100%
* Total number of goals: 90
* Number of covered goals: 90
* Coverage analysis for criterion BRANCH
* Coverage of criterion BRANCH: 100%
* Total number of goals: 58
* Number of covered goals: 58
* Coverage analysis for criterion EXCEPTION
* Coverage of criterion EXCEPTION: 100%
* Total number of goals: 10
* Number of covered goals: 10
* Coverage analysis for criterion WEAKMUTATION
* Coverage of criterion WEAKMUTATION: 94%
* Total number of goals: 122
* Number of covered goals: 115
* Coverage analysis for criterion OUTPUT
* Coverage of criterion OUTPUT: 80%
* Total number of goals: 45
* Number of covered goals: 36
* Coverage analysis for criterion METHOD
* Coverage of criterion METHOD: 100%
* Total number of goals: 28
* Number of covered goals: 28
* Coverage analysis for criterion METHODNOEXCEPTION
* Coverage of criterion METHODNOEXCEPTION: 100%
* Total number of goals: 28
* Number of covered goals: 28
* Coverage analysis for criterion CBRANCH
* Coverage of criterion CBRANCH: 100%
* Total number of goals: 58
* Number of covered goals: 58
* Generated 49 tests with total length 150
* Resulting test suite's coverage: 97% (average coverage for all fitness functions)
* Generating assertions
* Resulting test suite's mutation score: 84%
* Compiling and checking tests
* Writing JUnit test case 'CasaInteligente_ESTest' to /home/acmota2/repos/ats2023/ats2023/.evosuite/tmp_2023_05_04_16_53_41/tests
* Done!

