* Starting client
* Connecting to master process on port 9367
* Analyzing classpath: 
  - /home/acmota2/repos/ats2023/ats2023/target/classes
  - /home/acmota2/.jdks/corretto-1.8.0_372/jre/lib/charsets.jar
  - /home/acmota2/.jdks/corretto-1.8.0_372/jre/lib/ext/cldrdata.jar
  - /home/acmota2/.jdks/corretto-1.8.0_372/jre/lib/ext/dnsns.jar
  - /home/acmota2/.jdks/corretto-1.8.0_372/jre/lib/ext/jaccess.jar
  - /home/acmota2/.jdks/corretto-1.8.0_372/jre/lib/ext/jfxrt.jar
  - /home/acmota2/.jdks/corretto-1.8.0_372/jre/lib/ext/localedata.jar
  - /home/acmota2/.jdks/corretto-1.8.0_372/jre/lib/ext/nashorn.jar
  - /home/acmota2/.jdks/corretto-1.8.0_372/jre/lib/ext/sunec.jar
  - /home/acmota2/.jdks/corretto-1.8.0_372/jre/lib/ext/sunjce_provider.jar
  - /home/acmota2/.jdks/corretto-1.8.0_372/jre/lib/ext/sunpkcs11.jar
  - /home/acmota2/.jdks/corretto-1.8.0_372/jre/lib/ext/zipfs.jar
  - /home/acmota2/.jdks/corretto-1.8.0_372/jre/lib/jce.jar
  - /home/acmota2/.jdks/corretto-1.8.0_372/jre/lib/jfr.jar
  - /home/acmota2/.jdks/corretto-1.8.0_372/jre/lib/jfxswt.jar
  - /home/acmota2/.jdks/corretto-1.8.0_372/jre/lib/jsse.jar
  - /home/acmota2/.jdks/corretto-1.8.0_372/jre/lib/management-agent.jar
  - /home/acmota2/.jdks/corretto-1.8.0_372/jre/lib/resources.jar
  - /home/acmota2/.jdks/corretto-1.8.0_372/jre/lib/rt.jar
  - /home/acmota2/repos/ats2023/ats2023/target/test-classes
  - /home/acmota2/repos/ats2023/ats2023/target/classes
  - /home/acmota2/.m2/repository/org/junit/jupiter/junit-jupiter/5.9.3/junit-jupiter-5.9.3.jar
  - /home/acmota2/.m2/repository/org/junit/jupiter/junit-jupiter-api/5.9.3/junit-jupiter-api-5.9.3.jar
  - /home/acmota2/.m2/repository/org/opentest4j/opentest4j/1.2.0/opentest4j-1.2.0.jar
  - /home/acmota2/.m2/repository/org/junit/platform/junit-platform-commons/1.9.3/junit-platform-commons-1.9.3.jar
  - /home/acmota2/.m2/repository/org/apiguardian/apiguardian-api/1.1.2/apiguardian-api-1.1.2.jar
  - /home/acmota2/.m2/repository/org/junit/jupiter/junit-jupiter-params/5.9.3/junit-jupiter-params-5.9.3.jar
  - /home/acmota2/.m2/repository/org/junit/jupiter/junit-jupiter-engine/5.9.3/junit-jupiter-engine-5.9.3.jar
  - /home/acmota2/.m2/repository/org/junit/platform/junit-platform-engine/1.9.3/junit-platform-engine-1.9.3.jar
* Finished analyzing classpath
* Generating tests for class org.example.Main.NewMenu
* Test criteria:
  - Line Coverage
  - Branch Coverage
  - Exception
  - Mutation testing (weak)
  - Method-Output Coverage
  - Top-Level Method Coverage
  - No-Exception Top-Level Method Coverage
  - Context Branch Coverage
* Setting up search algorithm for whole suite generation
[MASTER] 16:53:47.821 [pool-2-thread-1] WARN  TestSuiteSerialization - Cannot load tests because file does not exist: /home/acmota2/repos/ats2023/ats2023/.evosuite/evosuite-seeds/org.example.Main.NewMenu.seed
* Loaded 0 tests from /home/acmota2/repos/ats2023/ats2023/.evosuite/evosuite-seeds/org.example.Main.NewMenu.seed
* Total number of test goals: 
  - Line 39
  - Branch 20
  - Exception 0
  - MutationFactory 103
  - Output 0
  - Method 7
  - MethodNoException 7
  - CBranchFitnessFactory 20
* Using seed 1683215623111
* Starting evolution
* Search finished after 133s and 3030 generations, 758648 statements, best individual has fitness: 121.52857142857144
* Writing sequences to pool
* Minimizing test suite
* Going to analyze the coverage criteria
* Coverage analysis for criterion LINE
* Coverage of criterion LINE: 67%
* Total number of goals: 39
* Number of covered goals: 26
* Coverage analysis for criterion BRANCH
* Coverage of criterion BRANCH: 40%
* Total number of goals: 20
* Number of covered goals: 8
* Coverage analysis for criterion EXCEPTION
* Coverage of criterion EXCEPTION: 100%
* Total number of goals: 9
* Number of covered goals: 9
* Coverage analysis for criterion WEAKMUTATION
* Coverage of criterion WEAKMUTATION: 43%
* Total number of goals: 103
* Number of covered goals: 44
* Coverage analysis for criterion OUTPUT
* Coverage of criterion OUTPUT: 100% (no goals)
* Coverage analysis for criterion METHOD
* Coverage of criterion METHOD: 71%
* Total number of goals: 7
* Number of covered goals: 5
* Coverage analysis for criterion METHODNOEXCEPTION
* Coverage of criterion METHODNOEXCEPTION: 57%
* Total number of goals: 7
* Number of covered goals: 4
* Coverage analysis for criterion CBRANCH
* Coverage of criterion CBRANCH: 40%
* Total number of goals: 20
* Number of covered goals: 8
* Generated 10 tests with total length 32
* Resulting test suite's coverage: 65% (average coverage for all fitness functions)
* Generating assertions
* Resulting test suite's mutation score: 2%
* Compiling and checking tests
[MASTER] 16:56:12.645 [pool-2-thread-1] WARN  JUnitAnalyzer - Found unstable test named test0 -> class java.util.NoSuchElementException: null
[MASTER] 16:56:12.645 [pool-2-thread-1] WARN  JUnitAnalyzer - Failing test:
 String[] stringArray0 = new String[5];
NewMenu newMenu0 = new NewMenu(stringArray0);
NewMenu.PreCondition newMenu_PreCondition0 = mock(NewMenu.PreCondition.class, new ViolatedAssumptionAnswer());
doReturn(false).when(newMenu_PreCondition0).validate();
newMenu0.setPreCondition(4, newMenu_PreCondition0);
newMenu0.run();

* Writing JUnit test case 'NewMenu_ESTest' to /home/acmota2/repos/ats2023/ats2023/.evosuite/tmp_2023_05_04_16_53_41/tests
* Done!

