* Starting client
* Connecting to master process on port 16712
* Analyzing classpath: 
  - /home/acmota2/repos/ats2023/ats2023/target/classes
  - /home/acmota2/.jdks/corretto-1.8.0_372/jre/lib/charsets.jar
  - /home/acmota2/.jdks/corretto-1.8.0_372/jre/lib/ext/cldrdata.jar
  - /home/acmota2/.jdks/corretto-1.8.0_372/jre/lib/ext/dnsns.jar
  - /home/acmota2/.jdks/corretto-1.8.0_372/jre/lib/ext/jaccess.jar
  - /home/acmota2/.jdks/corretto-1.8.0_372/jre/lib/ext/jfxrt.jar
  - /home/acmota2/.jdks/corretto-1.8.0_372/jre/lib/ext/localedata.jar
  - /home/acmota2/.jdks/corretto-1.8.0_372/jre/lib/ext/nashorn.jar
  - /home/acmota2/.jdks/corretto-1.8.0_372/jre/lib/ext/sunec.jar
  - /home/acmota2/.jdks/corretto-1.8.0_372/jre/lib/ext/sunjce_provider.jar
  - /home/acmota2/.jdks/corretto-1.8.0_372/jre/lib/ext/sunpkcs11.jar
  - /home/acmota2/.jdks/corretto-1.8.0_372/jre/lib/ext/zipfs.jar
  - /home/acmota2/.jdks/corretto-1.8.0_372/jre/lib/jce.jar
  - /home/acmota2/.jdks/corretto-1.8.0_372/jre/lib/jfr.jar
  - /home/acmota2/.jdks/corretto-1.8.0_372/jre/lib/jfxswt.jar
  - /home/acmota2/.jdks/corretto-1.8.0_372/jre/lib/jsse.jar
  - /home/acmota2/.jdks/corretto-1.8.0_372/jre/lib/management-agent.jar
  - /home/acmota2/.jdks/corretto-1.8.0_372/jre/lib/resources.jar
  - /home/acmota2/.jdks/corretto-1.8.0_372/jre/lib/rt.jar
  - /home/acmota2/repos/ats2023/ats2023/target/test-classes
  - /home/acmota2/repos/ats2023/ats2023/target/classes
  - /home/acmota2/.m2/repository/org/junit/jupiter/junit-jupiter/5.9.3/junit-jupiter-5.9.3.jar
  - /home/acmota2/.m2/repository/org/junit/jupiter/junit-jupiter-api/5.9.3/junit-jupiter-api-5.9.3.jar
  - /home/acmota2/.m2/repository/org/opentest4j/opentest4j/1.2.0/opentest4j-1.2.0.jar
  - /home/acmota2/.m2/repository/org/junit/platform/junit-platform-commons/1.9.3/junit-platform-commons-1.9.3.jar
  - /home/acmota2/.m2/repository/org/apiguardian/apiguardian-api/1.1.2/apiguardian-api-1.1.2.jar
  - /home/acmota2/.m2/repository/org/junit/jupiter/junit-jupiter-params/5.9.3/junit-jupiter-params-5.9.3.jar
  - /home/acmota2/.m2/repository/org/junit/jupiter/junit-jupiter-engine/5.9.3/junit-jupiter-engine-5.9.3.jar
  - /home/acmota2/.m2/repository/org/junit/platform/junit-platform-engine/1.9.3/junit-platform-engine-1.9.3.jar
* Finished analyzing classpath
* Generating tests for class org.example.SmartDevice.SmartSpeaker
* Test criteria:
  - Line Coverage
  - Branch Coverage
  - Exception
  - Mutation testing (weak)
  - Method-Output Coverage
  - Top-Level Method Coverage
  - No-Exception Top-Level Method Coverage
  - Context Branch Coverage
* Setting up search algorithm for whole suite generation
[MASTER] 16:53:47.989 [pool-2-thread-1] WARN  TestSuiteSerialization - Cannot load tests because file does not exist: /home/acmota2/repos/ats2023/ats2023/.evosuite/evosuite-seeds/org.example.SmartDevice.SmartSpeaker.seed
* Loaded 0 tests from /home/acmota2/repos/ats2023/ats2023/.evosuite/evosuite-seeds/org.example.SmartDevice.SmartSpeaker.seed
* Total number of test goals: 
  - Line 38
  - Branch 32
  - Exception 0
  - MutationFactory 131
  - Output 23
  - Method 13
  - MethodNoException 13
  - CBranchFitnessFactory 32
* Using seed 1683215623121
* Starting evolution
* Search finished after 176s and 4886 generations, 1382095 statements, best individual has fitness: 10.833333333333334
* Writing sequences to pool
* Minimizing test suite
* Going to analyze the coverage criteria
* Coverage analysis for criterion LINE
* Coverage of criterion LINE: 100%
* Total number of goals: 38
* Number of covered goals: 38
* Coverage analysis for criterion BRANCH
* Coverage of criterion BRANCH: 97%
* Total number of goals: 32
* Number of covered goals: 31
* Coverage analysis for criterion EXCEPTION
* Coverage of criterion EXCEPTION: 100%
* Total number of goals: 2
* Number of covered goals: 2
* Coverage analysis for criterion WEAKMUTATION
* Coverage of criterion WEAKMUTATION: 98%
* Total number of goals: 131
* Number of covered goals: 128
* Coverage analysis for criterion OUTPUT
* Coverage of criterion OUTPUT: 61%
* Total number of goals: 23
* Number of covered goals: 14
* Coverage analysis for criterion METHOD
* Coverage of criterion METHOD: 100%
* Total number of goals: 13
* Number of covered goals: 13
* Coverage analysis for criterion METHODNOEXCEPTION
* Coverage of criterion METHODNOEXCEPTION: 100%
* Total number of goals: 13
* Number of covered goals: 13
* Coverage analysis for criterion CBRANCH
* Coverage of criterion CBRANCH: 97%
* Total number of goals: 32
* Number of covered goals: 31
* Generated 26 tests with total length 69
* Resulting test suite's coverage: 95% (average coverage for all fitness functions)
* Generating assertions
* Resulting test suite's mutation score: 90%
* Compiling and checking tests
* Writing JUnit test case 'SmartSpeaker_ESTest' to /home/acmota2/repos/ats2023/ats2023/.evosuite/tmp_2023_05_04_16_53_41/tests
* Done!

