* Starting client
* Connecting to master process on port 17360
* Analyzing classpath: 
  - /home/acmota2/repos/ats2023/ats2023/target/classes
  - /home/acmota2/.jdks/corretto-1.8.0_372/jre/lib/charsets.jar
  - /home/acmota2/.jdks/corretto-1.8.0_372/jre/lib/ext/cldrdata.jar
  - /home/acmota2/.jdks/corretto-1.8.0_372/jre/lib/ext/dnsns.jar
  - /home/acmota2/.jdks/corretto-1.8.0_372/jre/lib/ext/jaccess.jar
  - /home/acmota2/.jdks/corretto-1.8.0_372/jre/lib/ext/jfxrt.jar
  - /home/acmota2/.jdks/corretto-1.8.0_372/jre/lib/ext/localedata.jar
  - /home/acmota2/.jdks/corretto-1.8.0_372/jre/lib/ext/nashorn.jar
  - /home/acmota2/.jdks/corretto-1.8.0_372/jre/lib/ext/sunec.jar
  - /home/acmota2/.jdks/corretto-1.8.0_372/jre/lib/ext/sunjce_provider.jar
  - /home/acmota2/.jdks/corretto-1.8.0_372/jre/lib/ext/sunpkcs11.jar
  - /home/acmota2/.jdks/corretto-1.8.0_372/jre/lib/ext/zipfs.jar
  - /home/acmota2/.jdks/corretto-1.8.0_372/jre/lib/jce.jar
  - /home/acmota2/.jdks/corretto-1.8.0_372/jre/lib/jfr.jar
  - /home/acmota2/.jdks/corretto-1.8.0_372/jre/lib/jfxswt.jar
  - /home/acmota2/.jdks/corretto-1.8.0_372/jre/lib/jsse.jar
  - /home/acmota2/.jdks/corretto-1.8.0_372/jre/lib/management-agent.jar
  - /home/acmota2/.jdks/corretto-1.8.0_372/jre/lib/resources.jar
  - /home/acmota2/.jdks/corretto-1.8.0_372/jre/lib/rt.jar
  - /home/acmota2/repos/ats2023/ats2023/target/test-classes
  - /home/acmota2/repos/ats2023/ats2023/target/classes
  - /home/acmota2/.m2/repository/org/junit/jupiter/junit-jupiter/5.9.3/junit-jupiter-5.9.3.jar
  - /home/acmota2/.m2/repository/org/junit/jupiter/junit-jupiter-api/5.9.3/junit-jupiter-api-5.9.3.jar
  - /home/acmota2/.m2/repository/org/opentest4j/opentest4j/1.2.0/opentest4j-1.2.0.jar
  - /home/acmota2/.m2/repository/org/junit/platform/junit-platform-commons/1.9.3/junit-platform-commons-1.9.3.jar
  - /home/acmota2/.m2/repository/org/apiguardian/apiguardian-api/1.1.2/apiguardian-api-1.1.2.jar
  - /home/acmota2/.m2/repository/org/junit/jupiter/junit-jupiter-params/5.9.3/junit-jupiter-params-5.9.3.jar
  - /home/acmota2/.m2/repository/org/junit/jupiter/junit-jupiter-engine/5.9.3/junit-jupiter-engine-5.9.3.jar
  - /home/acmota2/.m2/repository/org/junit/platform/junit-platform-engine/1.9.3/junit-platform-engine-1.9.3.jar
* Finished analyzing classpath
* Generating tests for class org.example.Fornecedor.Fornecedor
* Test criteria:
  - Line Coverage
  - Branch Coverage
  - Exception
  - Mutation testing (weak)
  - Method-Output Coverage
  - Top-Level Method Coverage
  - No-Exception Top-Level Method Coverage
  - Context Branch Coverage
* Setting up search algorithm for whole suite generation
[MASTER] 16:53:48.561 [pool-2-thread-1] WARN  TestSuiteSerialization - Cannot load tests because file does not exist: /home/acmota2/repos/ats2023/ats2023/.evosuite/evosuite-seeds/org.example.Fornecedor.Fornecedor.seed
* Loaded 0 tests from /home/acmota2/repos/ats2023/ats2023/.evosuite/evosuite-seeds/org.example.Fornecedor.Fornecedor.seed
* Total number of test goals: 
  - Line 72
  - Branch 34
  - Exception 0
  - MutationFactory 82
  - Output 41
  - Method 16
  - MethodNoException 16
  - CBranchFitnessFactory 34
* Using seed 1683215623134
* Starting evolution
* Search finished after 158s and 3007 generations, 859519 statements, best individual has fitness: 12.333333333333334
* Writing sequences to pool
* Minimizing test suite
* Going to analyze the coverage criteria
* Coverage analysis for criterion LINE
* Coverage of criterion LINE: 99%
* Total number of goals: 72
* Number of covered goals: 71
* Coverage analysis for criterion BRANCH
* Coverage of criterion BRANCH: 100%
* Total number of goals: 34
* Number of covered goals: 34
* Coverage analysis for criterion EXCEPTION
* Coverage of criterion EXCEPTION: 100%
* Total number of goals: 2
* Number of covered goals: 2
* Coverage analysis for criterion WEAKMUTATION
* Coverage of criterion WEAKMUTATION: 99%
* Total number of goals: 82
* Number of covered goals: 81
* Coverage analysis for criterion OUTPUT
* Coverage of criterion OUTPUT: 83%
* Total number of goals: 41
* Number of covered goals: 34
* Coverage analysis for criterion METHOD
* Coverage of criterion METHOD: 100%
* Total number of goals: 16
* Number of covered goals: 16
* Coverage analysis for criterion METHODNOEXCEPTION
* Coverage of criterion METHODNOEXCEPTION: 100%
* Total number of goals: 16
* Number of covered goals: 16
* Coverage analysis for criterion CBRANCH
* Coverage of criterion CBRANCH: 88%
* Total number of goals: 34
* Number of covered goals: 30
* Generated 39 tests with total length 109
* Resulting test suite's coverage: 96% (average coverage for all fitness functions)
* Generating assertions
* Resulting test suite's mutation score: 70%
* Compiling and checking tests
* Writing JUnit test case 'Fornecedor_ESTest' to /home/acmota2/repos/ats2023/ats2023/.evosuite/tmp_2023_05_04_16_53_41/tests
* Done!

